
> pic-master-server@0.0.0 start
> node ./bin/www


> pic-master-server@0.0.0 start
> node ./bin/www

[0mGET /home [32m200 [0m4.158 ms - 725[0m
[0mGET /js/chunk-vendors.a57b207b.js [36m304 [0m1.740 ms - -[0m
[0mGET /js/app.a5e77c8c.js [36m304 [0m0.510 ms - -[0m
[0mGET /css/chunk-vendors.0b0c58b7.css [36m304 [0m0.471 ms - -[0m
[0mGET /css/app.f24374ef.css [36m304 [0m0.423 ms - -[0m
[0mGET /img/icons8-github.e509c107.svg [36m304 [0m0.401 ms - -[0m
[0mGET /img/picmaster.85df57fe.svg [36m304 [0m0.295 ms - -[0m
[0mGET /fonts/element-icons.ff18efd1.woff [36m304 [0m0.346 ms - -[0m
[0mGET /home [36m304 [0m0.853 ms - -[0m
[0mGET /js/chunk-vendors.a57b207b.js [36m304 [0m0.522 ms - -[0m
[0mGET /js/app.a5e77c8c.js [36m304 [0m0.404 ms - -[0m
[0mGET /css/chunk-vendors.0b0c58b7.css [36m304 [0m0.400 ms - -[0m
[0mGET /css/app.f24374ef.css [36m304 [0m0.330 ms - -[0m
[0mGET /api/uploadimg/hashName [32m200 [0m107.994 ms - 71[0m
[0mGET /api/uploadimg/getToken [32m200 [0m1.162 ms - 142[0m
[0mGET /api/uploadimg/getToken [32m200 [0m0.585 ms - 142[0m
[0mGET /api/uploadimg/hashName [32m200 [0m105.120 ms - 71[0m
[0mGET /home [36m304 [0m0.692 ms - -[0m
[0mGET /js/app.a5e77c8c.js [36m304 [0m0.392 ms - -[0m
[0mGET /js/chunk-vendors.a57b207b.js [36m304 [0m0.826 ms - -[0m
[0mGET /css/chunk-vendors.0b0c58b7.css [36m304 [0m0.788 ms - -[0m
[0mGET /css/app.f24374ef.css [36m304 [0m0.380 ms - -[0m
[0mGET /api/uploadimg/hashName [32m200 [0m87.167 ms - 71[0m
[0mGET /api/uploadimg/getToken [32m200 [0m0.618 ms - 142[0m
[0mGET /api/uploadimg/hashName [32m200 [0m88.132 ms - 71[0m
[0mGET /api/uploadimg/getToken [32m200 [0m0.565 ms - 142[0m
[0mGET /api/uploadimg/hashName [32m200 [0m94.242 ms - 71[0m
[0mGET /api/uploadimg/getToken [32m200 [0m0.608 ms - 142[0m
[0mGET /home [36m304 [0m0.534 ms - -[0m
[0mGET /js/chunk-vendors.a57b207b.js [36m304 [0m0.417 ms - -[0m
[0mGET /js/app.a5e77c8c.js [36m304 [0m0.634 ms - -[0m
[0mGET /css/chunk-vendors.0b0c58b7.css [36m304 [0m0.925 ms - -[0m
[0mGET /css/app.f24374ef.css [36m304 [0m0.941 ms - -[0m
[0mGET /img/picmaster.85df57fe.svg [36m304 [0m0.381 ms - -[0m
[0mGET /img/icons8-github.e509c107.svg [36m304 [0m0.375 ms - -[0m
[0mGET /fonts/element-icons.ff18efd1.woff [36m304 [0m0.284 ms - -[0m
[0mGET /api/uploadimg/hashName [32m200 [0m87.141 ms - 71[0m
[0mGET /api/uploadimg/getToken [32m200 [0m87.885 ms - 142[0m
[0mGET / [32m200 [0m1.917 ms - 725[0m
[0mGET /js/chunk-vendors.a57b207b.js [32m200 [0m0.779 ms - 952069[0m
[0mGET /js/app.a5e77c8c.js [32m200 [0m0.714 ms - 29719[0m
[0mGET / [32m200 [0m0.684 ms - 725[0m
[0mGET / [32m200 [0m0.542 ms - 725[0m
[0mGET /js/chunk-vendors.a57b207b.js [32m200 [0m0.554 ms - 952069[0m
[0mGET /css/chunk-vendors.0b0c58b7.css [32m200 [0m0.670 ms - 214941[0m
[0mGET /css/app.f24374ef.css [32m200 [0m0.446 ms - 18694[0m
[0mGET /js/app.a5e77c8c.js [32m200 [0m0.529 ms - 29719[0m
[0mGET /js/chunk-vendors.a57b207b.js [32m200 [0m0.729 ms - 952069[0m
[0mGET /img/picmaster.85df57fe.svg [32m200 [0m0.953 ms - 8137[0m
[0mGET /img/icons8-github.e509c107.svg [32m200 [0m0.633 ms - 2485[0m
[0mGET /fonts/element-icons.ff18efd1.woff [32m200 [0m1.383 ms - 28200[0m
[0mGET /js/app.a5e77c8c.js [32m200 [0m0.553 ms - 29719[0m
[0mGET / [32m200 [0m0.517 ms - 725[0m
[0mGET /js/chunk-vendors.a57b207b.js [32m200 [0m0.550 ms - 952069[0m
[0mGET /css/chunk-vendors.0b0c58b7.css [32m200 [0m0.566 ms - 214941[0m
[0mGET /js/app.a5e77c8c.js [32m200 [0m0.434 ms - 29719[0m
[0mGET /css/app.f24374ef.css [32m200 [0m0.649 ms - 18694[0m
[0mGET /img/picmaster.85df57fe.svg [32m200 [0m0.555 ms - 8137[0m
[0mGET /img/icons8-github.e509c107.svg [32m200 [0m0.399 ms - 2485[0m
[0mGET /fonts/element-icons.ff18efd1.woff [32m200 [0m0.521 ms - 28200[0m
[0mGET /home [36m304 [0m0.559 ms - -[0m
[0mGET /js/chunk-vendors.a57b207b.js [36m304 [0m0.372 ms - -[0m
[0mGET /js/app.a5e77c8c.js [36m304 [0m0.255 ms - -[0m
[0mGET /css/chunk-vendors.0b0c58b7.css [36m304 [0m0.379 ms - -[0m
[0mGET /css/app.f24374ef.css [36m304 [0m0.290 ms - -[0m
[0mGET /fonts/element-icons.ff18efd1.woff [36m304 [0m0.360 ms - -[0m
[0mGET /img/icons8-github.e509c107.svg [36m304 [0m0.352 ms - -[0m
[0mGET /img/picmaster.85df57fe.svg [36m304 [0m0.233 ms - -[0m
[0mGET /api/uploadimg/hashName [32m200 [0m86.738 ms - 71[0m
[0mGET / [36m304 [0m0.532 ms - -[0m
[0mGET /js/chunk-vendors.a57b207b.js [36m304 [0m0.374 ms - -[0m
[0mGET /js/app.a5e77c8c.js [36m304 [0m0.292 ms - -[0m
[0mGET /css/chunk-vendors.0b0c58b7.css [36m304 [0m0.364 ms - -[0m
[0mGET /css/app.f24374ef.css [36m304 [0m0.263 ms - -[0m
[0mGET /img/picmaster.85df57fe.svg [32m200 [0m1.061 ms - 8137[0m
[0mGET /img/icons8-github.e509c107.svg [32m200 [0m1.213 ms - 2485[0m
[0mGET /fonts/element-icons.ff18efd1.woff [32m200 [0m0.573 ms - 28200[0m
[0mGET /api/uploadimg/getToken [32m200 [0m0.534 ms - 142[0m
[0mGET /api/uploadimg/hashName [32m200 [0m121.741 ms - 71[0m
[0mGET /home [32m200 [0m0.515 ms - 725[0m
[0mGET /js/chunk-vendors.a57b207b.js [32m200 [0m0.559 ms - 952069[0m
[0mGET /js/app.a5e77c8c.js [32m200 [0m0.519 ms - 29719[0m
[0mGET /home [32m200 [0m0.528 ms - 725[0m
[0mGET /js/chunk-vendors.a57b207b.js [32m200 [0m0.573 ms - 952069[0m
[0mGET /css/chunk-vendors.0b0c58b7.css [32m200 [0m0.513 ms - 214941[0m
[0mGET /css/app.f24374ef.css [32m200 [0m0.404 ms - 18694[0m
[0mGET /js/app.a5e77c8c.js [32m200 [0m0.422 ms - 29719[0m
[0mGET /api/uploadimg/getToken [32m200 [0m0.551 ms - 142[0m
[0mGET /api/uploadimg/hashName [32m200 [0m94.828 ms - 71[0m
[0mGET /img/picmaster.85df57fe.svg [32m200 [0m0.792 ms - 8137[0m
[0mGET /img/icons8-github.e509c107.svg [32m200 [0m0.425 ms - 2485[0m
[0mGET /fonts/element-icons.ff18efd1.woff [32m200 [0m0.524 ms - 28200[0m
[0mGET /api/uploadimg/getToken [32m200 [0m0.732 ms - 142[0m
[0mGET /api/uploadimg/hashName [32m200 [0m87.241 ms - 71[0m
[0mGET /api/uploadimg/getToken [32m200 [0m0.592 ms - 142[0m
[0mGET /api/uploadimg/hashName [32m200 [0m88.910 ms - 71[0m
[0mGET /api/uploadimg/getToken [32m200 [0m0.440 ms - 142[0m
[0mGET /api/uploadimg/getToken [32m200 [0m1.205 ms - 142[0m
[0mGET /api/uploadimg/hashName [32m200 [0m87.970 ms - 71[0m
[0mGET /img/icons8-github.e509c107.svg [32m200 [0m0.519 ms - 2485[0m
